<?xml version="1.0" encoding="UTF-8"?>
<!-- Generated by org.testng.reporters.JUnitXMLReporter -->
<testsuite hostname="DESKTOP-K2D5D06" ignored="1" name="Test1" tests="1" failures="0" timestamp="05 Mar 2024 05:02:24 GMT" time="0.006" errors="0">
  <testcase name="c2" time="0.002" classname="Groups_testng.Groupclass2$Groups_classes"/>
  <testcase name="c1" time="0.0" classname="Groups_testng.Groupclass2$Groups_classes">
    <ignored/>
  </testcase> <!-- c1 -->
</testsuite> <!-- Test1 -->
